<?xml version="1.0" encoding="UTF-8"?>
<!-- Generated by org.testng.reporters.JUnitXMLReporter -->
<testsuite hostname="DESKTOP-RHSOGPM" ignored="0" name="Test" tests="3" failures="0" timestamp="23 Dec 2020 03:19:36 GMT" time="2.717" errors="0">
  <testcase name="logoTest" time="0.538" classname="com.MavenFirstProject.LoginTest"/>
  <testcase name="test" time="1.929" classname="com.MavenFirstProject.LoginTest"/>
  <testcase name="verifyCource" time="0.174" classname="com.MavenFirstProject.DashboardTest"/>
</testsuite> <!-- Test -->
