<?xml version="1.0" encoding="UTF-8"?>
<!-- Generated by org.testng.reporters.JUnitXMLReporter -->
<testsuite hostname="DESKTOP-RHSOGPM" ignored="0" name="Test" tests="3" failures="0" timestamp="09 Jan 2021 16:41:10 GMT" time="7.605" errors="0">
  <testcase name="logoTest" time="0.149" classname="com.MavenFirstProject.LoginTest"/>
  <testcase name="test" time="7.173" classname="com.MavenFirstProject.LoginTest"/>
  <testcase name="verifyCource" time="0.225" classname="com.MavenFirstProject.DashboardTest"/>
</testsuite> <!-- Test -->
