<?xml version="1.0" encoding="UTF-8"?>
<testng-results skipped="0" failed="0" ignored="0" total="3" passed="3">
  <reporter-output>
  </reporter-output>
  <suite name="Suite" duration-ms="7605" started-at="2021-01-09T16:41:02Z" finished-at="2021-01-09T16:41:10Z">
    <groups>
    </groups>
    <test name="Test" duration-ms="7605" started-at="2021-01-09T16:41:02Z" finished-at="2021-01-09T16:41:10Z">
      <class name="com.MavenFirstProject.DashboardTest">
        <test-method status="PASS" signature="verifyCource()[pri:0, instance:com.MavenFirstProject.DashboardTest@7c0e2abd]" name="verifyCource" duration-ms="225" started-at="2021-01-09T16:41:10Z" finished-at="2021-01-09T16:41:10Z">
          <reporter-output>
          </reporter-output>
        </test-method> <!-- verifyCource -->
      </class> <!-- com.MavenFirstProject.DashboardTest -->
      <class name="com.MavenFirstProject.LoginTest">
        <test-method status="PASS" signature="setUp()[pri:0, instance:com.MavenFirstProject.LoginTest@3c756e4d]" name="setUp" is-config="true" duration-ms="24676" started-at="2021-01-09T16:40:38Z" finished-at="2021-01-09T16:41:02Z">
          <reporter-output>
          </reporter-output>
        </test-method> <!-- setUp -->
        <test-method status="PASS" signature="logoTest()[pri:0, instance:com.MavenFirstProject.LoginTest@3c756e4d]" name="logoTest" duration-ms="149" started-at="2021-01-09T16:41:02Z" finished-at="2021-01-09T16:41:02Z">
          <reporter-output>
          </reporter-output>
        </test-method> <!-- logoTest -->
        <test-method status="PASS" signature="test()[pri:0, instance:com.MavenFirstProject.LoginTest@3c756e4d]" name="test" duration-ms="7173" started-at="2021-01-09T16:41:02Z" finished-at="2021-01-09T16:41:10Z">
          <reporter-output>
          </reporter-output>
        </test-method> <!-- test -->
      </class> <!-- com.MavenFirstProject.LoginTest -->
    </test> <!-- Test -->
  </suite> <!-- Suite -->
</testng-results>
