<?xml version="1.0" encoding="UTF-8"?>
<testng-results skipped="0" failed="0" ignored="0" total="3" passed="3">
  <reporter-output>
  </reporter-output>
  <suite name="Suite" duration-ms="2717" started-at="2020-12-23T03:19:33Z" finished-at="2020-12-23T03:19:36Z">
    <groups>
    </groups>
    <test name="Test" duration-ms="2717" started-at="2020-12-23T03:19:33Z" finished-at="2020-12-23T03:19:36Z">
      <class name="com.MavenFirstProject.DashboardTest">
        <test-method status="PASS" signature="verifyCource()[pri:0, instance:com.MavenFirstProject.DashboardTest@39c0f4a]" name="verifyCource" duration-ms="174" started-at="2020-12-23T03:19:36Z" finished-at="2020-12-23T03:19:36Z">
          <reporter-output>
          </reporter-output>
        </test-method> <!-- verifyCource -->
      </class> <!-- com.MavenFirstProject.DashboardTest -->
      <class name="com.MavenFirstProject.LoginTest">
        <test-method status="PASS" signature="setUp()[pri:0, instance:com.MavenFirstProject.LoginTest@7d9d1a19]" name="setUp" is-config="true" duration-ms="12905" started-at="2020-12-23T03:19:20Z" finished-at="2020-12-23T03:19:33Z">
          <reporter-output>
          </reporter-output>
        </test-method> <!-- setUp -->
        <test-method status="PASS" signature="logoTest()[pri:0, instance:com.MavenFirstProject.LoginTest@7d9d1a19]" name="logoTest" duration-ms="538" started-at="2020-12-23T03:19:33Z" finished-at="2020-12-23T03:19:34Z">
          <reporter-output>
          </reporter-output>
        </test-method> <!-- logoTest -->
        <test-method status="PASS" signature="test()[pri:0, instance:com.MavenFirstProject.LoginTest@7d9d1a19]" name="test" duration-ms="1929" started-at="2020-12-23T03:19:34Z" finished-at="2020-12-23T03:19:36Z">
          <reporter-output>
          </reporter-output>
        </test-method> <!-- test -->
      </class> <!-- com.MavenFirstProject.LoginTest -->
    </test> <!-- Test -->
  </suite> <!-- Suite -->
</testng-results>
